2025-03-29 20:32:18 debug: connection=default duration=0 rows=0 SELECT Users.id AS "Users__id", Users.username AS "Users__username", Users.password AS "Users__password", Users.ecu AS "Users__ecu", Users.derniere_connexion AS "Users__derniere_connexion", Users.dernierParis AS "Users__dernierParis", Users.api AS "Users__api" FROM users Users WHERE Users.username = 'romgui' LIMIT 1
2025-03-29 20:42:26 debug: connection=default duration=0 rows=0 SELECT Users.id AS "Users__id", Users.username AS "Users__username", Users.password AS "Users__password", Users.ecu AS "Users__ecu", Users.derniere_connexion AS "Users__derniere_connexion", Users.dernierParis AS "Users__dernierParis", Users.api AS "Users__api" FROM users Users WHERE Users.username = 'romgui' LIMIT 1
2025-03-29 20:54:56 debug: connection=default duration=0 rows=0 SELECT Users.id AS "Users__id", Users.username AS "Users__username", Users.password AS "Users__password", Users.ecu AS "Users__ecu", Users.derniere_connexion AS "Users__derniere_connexion", Users.dernierParis AS "Users__dernierParis", Users.api AS "Users__api" FROM users Users WHERE Users.username = 'romgui' LIMIT 1
2025-03-29 20:58:35 debug: connection=default duration=0 rows=0 SELECT Users.id AS "Users__id", Users.username AS "Users__username", Users.password AS "Users__password", Users.ecu AS "Users__ecu", Users.derniere_connexion AS "Users__derniere_connexion", Users.dernierParis AS "Users__dernierParis", Users.api AS "Users__api" FROM users Users WHERE Users.username = 'romgui' LIMIT 1
2025-03-29 21:58:07 debug: connection=default duration=31 rows=1 SELECT Users.id AS "Users__id", Users.username AS "Users__username", Users.password AS "Users__password", Users.ecu AS "Users__ecu", Users.derniere_connexion AS "Users__derniere_connexion", Users.dernierParis AS "Users__dernierParis", Users.api AS "Users__api" FROM users Users WHERE Users.username = 'romgui' LIMIT 1
2025-03-29 21:58:17 debug: connection=default duration=14 rows=1 SELECT Users.id AS "Users__id", Users.username AS "Users__username", Users.password AS "Users__password", Users.ecu AS "Users__ecu", Users.derniere_connexion AS "Users__derniere_connexion", Users.dernierParis AS "Users__dernierParis", Users.api AS "Users__api" FROM users Users WHERE Users.username = 'romgui' LIMIT 1
2025-03-29 22:58:17 debug: connection=default duration=1 rows=1 SELECT Users.id AS "Users__id", Users.username AS "Users__username", Users.password AS "Users__password", Users.ecu AS "Users__ecu", Users.derniere_connexion AS "Users__derniere_connexion", Users.dernierParis AS "Users__dernierParis", Users.api AS "Users__api" FROM users Users WHERE Users.id = 1 LIMIT 1
2025-03-29 22:58:17 debug: connection=default duration=0 rows=0 BEGIN
2025-03-29 22:58:18 debug: connection=default duration=3 rows=1 UPDATE users SET derniere_connexion = '2025/03/29' WHERE id = 1
2025-03-29 22:58:18 debug: connection=default duration=0 rows=0 COMMIT
2025-03-29 21:58:54 debug: connection=default duration=15 rows=12 SELECT Users.id AS "Users__id", Users.username AS "Users__username", Users.password AS "Users__password", Users.ecu AS "Users__ecu", Users.derniere_connexion AS "Users__derniere_connexion", Users.dernierParis AS "Users__dernierParis", Users.api AS "Users__api" FROM users Users LIMIT 20 OFFSET 0
2025-03-29 21:58:54 debug: connection=default duration=6 rows=1 SELECT (COUNT(*)) AS "count" FROM users Users
2025-03-29 21:59:19 debug: connection=default duration=15 rows=1 SELECT Users.id AS "Users__id", Users.username AS "Users__username", Users.password AS "Users__password", Users.ecu AS "Users__ecu", Users.derniere_connexion AS "Users__derniere_connexion", Users.dernierParis AS "Users__dernierParis", Users.api AS "Users__api" FROM users Users WHERE Users.id = 1 LIMIT 1
2025-03-29 21:59:19 debug: connection=default duration=5 rows=1 SELECT (COUNT(*)) AS "count" FROM paris Paris
2025-03-29 21:59:19 debug: connection=default duration=1 rows=2 SELECT Paris.id AS "Paris__id", Paris.prof_id AS "Paris__prof_id", Paris.course_hour AS "Paris__course_hour", Paris.arrival_hour AS "Paris__arrival_hour" FROM paris Paris ORDER BY id DESC
2025-03-29 21:59:19 debug: connection=default duration=5 rows=1 SELECT Profs.id AS "Profs__id", Profs.first_name AS "Profs__first_name", Profs.last_name AS "Profs__last_name", Profs.multiplicateur AS "Profs__multiplicateur" FROM profs Profs WHERE Profs.id = 2 LIMIT 1
2025-03-29 21:59:19 debug: connection=default duration=1 rows=1 SELECT Profs.id AS "Profs__id", Profs.first_name AS "Profs__first_name", Profs.last_name AS "Profs__last_name", Profs.multiplicateur AS "Profs__multiplicateur" FROM profs Profs WHERE Profs.id = 2 LIMIT 1
2025-03-29 21:59:19 debug: connection=default duration=1 rows=1 SELECT Profs.id AS "Profs__id", Profs.first_name AS "Profs__first_name", Profs.last_name AS "Profs__last_name", Profs.multiplicateur AS "Profs__multiplicateur" FROM profs Profs WHERE Profs.id = 3 LIMIT 1
2025-03-29 21:59:19 debug: connection=default duration=1 rows=1 SELECT Profs.id AS "Profs__id", Profs.first_name AS "Profs__first_name", Profs.last_name AS "Profs__last_name", Profs.multiplicateur AS "Profs__multiplicateur" FROM profs Profs WHERE Profs.id = 3 LIMIT 1
2025-03-29 21:59:19 debug: connection=default duration=1 rows=1 SELECT Users.id AS "Users__id", Users.username AS "Users__username", Users.password AS "Users__password", Users.ecu AS "Users__ecu", Users.derniere_connexion AS "Users__derniere_connexion", Users.dernierParis AS "Users__dernierParis", Users.api AS "Users__api" FROM users Users WHERE Users.id = 1 LIMIT 1
2025-03-29 21:59:20 debug: connection=default duration=3 rows=11 SELECT Users.id AS "Users__id", Users.username AS "Users__username" FROM users Users WHERE id != 1
2025-03-29 21:59:48 debug: connection=default duration=18 rows=1 SELECT Users.id AS "Users__id", Users.username AS "Users__username", Users.password AS "Users__password", Users.ecu AS "Users__ecu", Users.derniere_connexion AS "Users__derniere_connexion", Users.dernierParis AS "Users__dernierParis", Users.api AS "Users__api" FROM users Users WHERE Users.username = 'romgui' LIMIT 1
2025-03-29 22:59:49 debug: connection=default duration=1 rows=1 SELECT Users.id AS "Users__id", Users.username AS "Users__username", Users.password AS "Users__password", Users.ecu AS "Users__ecu", Users.derniere_connexion AS "Users__derniere_connexion", Users.dernierParis AS "Users__dernierParis", Users.api AS "Users__api" FROM users Users WHERE Users.id = 1 LIMIT 1
2025-03-29 21:59:52 debug: connection=default duration=8 rows=1 SELECT Users.id AS "Users__id", Users.username AS "Users__username", Users.password AS "Users__password", Users.ecu AS "Users__ecu", Users.derniere_connexion AS "Users__derniere_connexion", Users.dernierParis AS "Users__dernierParis", Users.api AS "Users__api" FROM users Users WHERE Users.id = 1 LIMIT 1
2025-03-29 21:59:52 debug: connection=default duration=3 rows=1 SELECT (COUNT(*)) AS "count" FROM paris Paris
2025-03-29 21:59:52 debug: connection=default duration=0 rows=2 SELECT Paris.id AS "Paris__id", Paris.prof_id AS "Paris__prof_id", Paris.course_hour AS "Paris__course_hour", Paris.arrival_hour AS "Paris__arrival_hour" FROM paris Paris ORDER BY id DESC
2025-03-29 21:59:52 debug: connection=default duration=4 rows=1 SELECT Profs.id AS "Profs__id", Profs.first_name AS "Profs__first_name", Profs.last_name AS "Profs__last_name", Profs.multiplicateur AS "Profs__multiplicateur" FROM profs Profs WHERE Profs.id = 2 LIMIT 1
2025-03-29 21:59:52 debug: connection=default duration=0 rows=1 SELECT Profs.id AS "Profs__id", Profs.first_name AS "Profs__first_name", Profs.last_name AS "Profs__last_name", Profs.multiplicateur AS "Profs__multiplicateur" FROM profs Profs WHERE Profs.id = 2 LIMIT 1
2025-03-29 21:59:52 debug: connection=default duration=1 rows=1 SELECT Profs.id AS "Profs__id", Profs.first_name AS "Profs__first_name", Profs.last_name AS "Profs__last_name", Profs.multiplicateur AS "Profs__multiplicateur" FROM profs Profs WHERE Profs.id = 3 LIMIT 1
2025-03-29 21:59:53 debug: connection=default duration=1 rows=1 SELECT Profs.id AS "Profs__id", Profs.first_name AS "Profs__first_name", Profs.last_name AS "Profs__last_name", Profs.multiplicateur AS "Profs__multiplicateur" FROM profs Profs WHERE Profs.id = 3 LIMIT 1
2025-03-29 21:59:53 debug: connection=default duration=1 rows=1 SELECT Users.id AS "Users__id", Users.username AS "Users__username", Users.password AS "Users__password", Users.ecu AS "Users__ecu", Users.derniere_connexion AS "Users__derniere_connexion", Users.dernierParis AS "Users__dernierParis", Users.api AS "Users__api" FROM users Users WHERE Users.id = 1 LIMIT 1
2025-03-29 21:59:53 debug: connection=default duration=0 rows=11 SELECT Users.id AS "Users__id", Users.username AS "Users__username" FROM users Users WHERE id != 1
2025-03-29 22:01:06 debug: connection=default duration=8 rows=1 SELECT Users.id AS "Users__id", Users.username AS "Users__username", Users.password AS "Users__password", Users.ecu AS "Users__ecu", Users.derniere_connexion AS "Users__derniere_connexion", Users.dernierParis AS "Users__dernierParis", Users.api AS "Users__api" FROM users Users WHERE Users.id = 1 LIMIT 1
2025-03-29 22:01:06 debug: connection=default duration=2 rows=1 SELECT (COUNT(*)) AS "count" FROM paris Paris
2025-03-29 22:01:06 debug: connection=default duration=0 rows=2 SELECT Paris.id AS "Paris__id", Paris.prof_id AS "Paris__prof_id", Paris.course_hour AS "Paris__course_hour", Paris.arrival_hour AS "Paris__arrival_hour" FROM paris Paris ORDER BY id DESC
2025-03-29 22:01:06 debug: connection=default duration=2 rows=1 SELECT Profs.id AS "Profs__id", Profs.first_name AS "Profs__first_name", Profs.last_name AS "Profs__last_name", Profs.multiplicateur AS "Profs__multiplicateur" FROM profs Profs WHERE Profs.id = 2 LIMIT 1
2025-03-29 22:01:06 debug: connection=default duration=0 rows=1 SELECT Profs.id AS "Profs__id", Profs.first_name AS "Profs__first_name", Profs.last_name AS "Profs__last_name", Profs.multiplicateur AS "Profs__multiplicateur" FROM profs Profs WHERE Profs.id = 2 LIMIT 1
2025-03-29 22:01:06 debug: connection=default duration=0 rows=1 SELECT Profs.id AS "Profs__id", Profs.first_name AS "Profs__first_name", Profs.last_name AS "Profs__last_name", Profs.multiplicateur AS "Profs__multiplicateur" FROM profs Profs WHERE Profs.id = 3 LIMIT 1
2025-03-29 22:01:06 debug: connection=default duration=0 rows=1 SELECT Profs.id AS "Profs__id", Profs.first_name AS "Profs__first_name", Profs.last_name AS "Profs__last_name", Profs.multiplicateur AS "Profs__multiplicateur" FROM profs Profs WHERE Profs.id = 3 LIMIT 1
2025-03-29 22:01:06 debug: connection=default duration=1 rows=1 SELECT Users.id AS "Users__id", Users.username AS "Users__username", Users.password AS "Users__password", Users.ecu AS "Users__ecu", Users.derniere_connexion AS "Users__derniere_connexion", Users.dernierParis AS "Users__dernierParis", Users.api AS "Users__api" FROM users Users WHERE Users.id = 1 LIMIT 1
2025-03-29 22:01:06 debug: connection=default duration=1 rows=11 SELECT Users.id AS "Users__id", Users.username AS "Users__username" FROM users Users WHERE id != 1
2025-03-29 22:01:43 debug: connection=default duration=10 rows=1 SELECT Users.id AS "Users__id", Users.username AS "Users__username", Users.password AS "Users__password", Users.ecu AS "Users__ecu", Users.derniere_connexion AS "Users__derniere_connexion", Users.dernierParis AS "Users__dernierParis", Users.api AS "Users__api" FROM users Users WHERE Users.username = 'romgui' LIMIT 1
2025-03-29 23:01:44 debug: connection=default duration=0 rows=1 SELECT Users.id AS "Users__id", Users.username AS "Users__username", Users.password AS "Users__password", Users.ecu AS "Users__ecu", Users.derniere_connexion AS "Users__derniere_connexion", Users.dernierParis AS "Users__dernierParis", Users.api AS "Users__api" FROM users Users WHERE Users.id = 1 LIMIT 1
2025-03-29 22:01:48 debug: connection=default duration=29 rows=1 SELECT Users.id AS "Users__id", Users.username AS "Users__username", Users.password AS "Users__password", Users.ecu AS "Users__ecu", Users.derniere_connexion AS "Users__derniere_connexion", Users.dernierParis AS "Users__dernierParis", Users.api AS "Users__api" FROM users Users WHERE Users.username = 'romgui' LIMIT 1
2025-03-29 23:01:49 debug: connection=default duration=1 rows=1 SELECT Users.id AS "Users__id", Users.username AS "Users__username", Users.password AS "Users__password", Users.ecu AS "Users__ecu", Users.derniere_connexion AS "Users__derniere_connexion", Users.dernierParis AS "Users__dernierParis", Users.api AS "Users__api" FROM users Users WHERE Users.id = 1 LIMIT 1
2025-03-29 23:01:59 debug: connection=default duration=10 rows=1 SELECT Users.id AS "Users__id", Users.username AS "Users__username", Users.password AS "Users__password", Users.ecu AS "Users__ecu", Users.derniere_connexion AS "Users__derniere_connexion", Users.dernierParis AS "Users__dernierParis", Users.api AS "Users__api" FROM users Users WHERE Users.id = 1 LIMIT 1
2025-03-29 22:02:09 debug: connection=default duration=8 rows=12 SELECT Users.id AS "Users__id", Users.username AS "Users__username", Users.password AS "Users__password", Users.ecu AS "Users__ecu", Users.derniere_connexion AS "Users__derniere_connexion", Users.dernierParis AS "Users__dernierParis", Users.api AS "Users__api" FROM users Users LIMIT 20 OFFSET 0
2025-03-29 22:02:09 debug: connection=default duration=1 rows=1 SELECT (COUNT(*)) AS "count" FROM users Users
2025-03-29 22:02:16 debug: connection=default duration=10 rows=1 SELECT Users.id AS "Users__id", Users.username AS "Users__username", Users.password AS "Users__password", Users.ecu AS "Users__ecu", Users.derniere_connexion AS "Users__derniere_connexion", Users.dernierParis AS "Users__dernierParis", Users.api AS "Users__api" FROM users Users WHERE Users.id = 1 LIMIT 1
2025-03-29 22:02:16 debug: connection=default duration=10 rows=1 SELECT (COUNT(*)) AS "count" FROM paris Paris
2025-03-29 22:02:16 debug: connection=default duration=1 rows=2 SELECT Paris.id AS "Paris__id", Paris.prof_id AS "Paris__prof_id", Paris.course_hour AS "Paris__course_hour", Paris.arrival_hour AS "Paris__arrival_hour" FROM paris Paris ORDER BY id DESC
2025-03-29 22:02:16 debug: connection=default duration=3 rows=1 SELECT Profs.id AS "Profs__id", Profs.first_name AS "Profs__first_name", Profs.last_name AS "Profs__last_name", Profs.multiplicateur AS "Profs__multiplicateur" FROM profs Profs WHERE Profs.id = 2 LIMIT 1
2025-03-29 22:02:16 debug: connection=default duration=0 rows=1 SELECT Profs.id AS "Profs__id", Profs.first_name AS "Profs__first_name", Profs.last_name AS "Profs__last_name", Profs.multiplicateur AS "Profs__multiplicateur" FROM profs Profs WHERE Profs.id = 2 LIMIT 1
2025-03-29 22:02:17 debug: connection=default duration=0 rows=1 SELECT Profs.id AS "Profs__id", Profs.first_name AS "Profs__first_name", Profs.last_name AS "Profs__last_name", Profs.multiplicateur AS "Profs__multiplicateur" FROM profs Profs WHERE Profs.id = 3 LIMIT 1
2025-03-29 22:02:17 debug: connection=default duration=0 rows=1 SELECT Profs.id AS "Profs__id", Profs.first_name AS "Profs__first_name", Profs.last_name AS "Profs__last_name", Profs.multiplicateur AS "Profs__multiplicateur" FROM profs Profs WHERE Profs.id = 3 LIMIT 1
2025-03-29 22:02:17 debug: connection=default duration=0 rows=1 SELECT Users.id AS "Users__id", Users.username AS "Users__username", Users.password AS "Users__password", Users.ecu AS "Users__ecu", Users.derniere_connexion AS "Users__derniere_connexion", Users.dernierParis AS "Users__dernierParis", Users.api AS "Users__api" FROM users Users WHERE Users.id = 1 LIMIT 1
2025-03-29 22:02:17 debug: connection=default duration=0 rows=11 SELECT Users.id AS "Users__id", Users.username AS "Users__username" FROM users Users WHERE id != 1
